<?xml version="1.0" encoding="UTF-8"?>
<testsuite name="com.mindex.challenge.DataBootstrapTest" tests="1" skipped="0" failures="0" errors="0" timestamp="2022-01-10T23:38:40" hostname="LAPTOP-GBL27TE8" time="0.047">
  <properties/>
  <testcase name="test" classname="com.mindex.challenge.DataBootstrapTest" time="0.047"/>
  <system-out><![CDATA[2022-01-10 18:38:40.014  INFO 5960 --- [    Test worker] .b.t.c.SpringBootTestContextBootstrapper : Neither @ContextConfiguration nor @ContextHierarchy found for test class [com.mindex.challenge.DataBootstrapTest], using SpringBootContextLoader
2022-01-10 18:38:40.014  INFO 5960 --- [    Test worker] o.s.t.c.support.AbstractContextLoader    : Could not detect default resource locations for test class [com.mindex.challenge.DataBootstrapTest]: no resource found for suffixes {-context.xml, Context.groovy}.
2022-01-10 18:38:40.014  INFO 5960 --- [    Test worker] t.c.s.AnnotationConfigContextLoaderUtils : Could not detect default configuration classes for test class [com.mindex.challenge.DataBootstrapTest]: DataBootstrapTest does not declare any static, non-private, non-final, nested classes annotated with @Configuration.
2022-01-10 18:38:40.014  INFO 5960 --- [    Test worker] .b.t.c.SpringBootTestContextBootstrapper : Found @SpringBootConfiguration com.mindex.challenge.ChallengeApplication for test class com.mindex.challenge.DataBootstrapTest
2022-01-10 18:38:40.014  INFO 5960 --- [    Test worker] .b.t.c.SpringBootTestContextBootstrapper : Loaded default TestExecutionListener class names from location [META-INF/spring.factories]: [org.springframework.boot.test.autoconfigure.restdocs.RestDocsTestExecutionListener, org.springframework.boot.test.autoconfigure.web.client.MockRestServiceServerResetTestExecutionListener, org.springframework.boot.test.autoconfigure.web.servlet.MockMvcPrintOnlyOnFailureTestExecutionListener, org.springframework.boot.test.autoconfigure.web.servlet.WebDriverTestExecutionListener, org.springframework.boot.test.mock.mockito.MockitoTestExecutionListener, org.springframework.boot.test.mock.mockito.ResetMocksTestExecutionListener, org.springframework.test.context.web.ServletTestExecutionListener, org.springframework.test.context.support.DirtiesContextBeforeModesTestExecutionListener, org.springframework.test.context.support.DependencyInjectionTestExecutionListener, org.springframework.test.context.support.DirtiesContextTestExecutionListener, org.springframework.test.context.transaction.TransactionalTestExecutionListener, org.springframework.test.context.jdbc.SqlScriptsTestExecutionListener, org.springframework.test.context.event.EventPublishingTestExecutionListener]
2022-01-10 18:38:40.014  INFO 5960 --- [    Test worker] .b.t.c.SpringBootTestContextBootstrapper : Using TestExecutionListeners: [org.springframework.test.context.web.ServletTestExecutionListener@4cdd0aa7, org.springframework.test.context.support.DirtiesContextBeforeModesTestExecutionListener@49af5ac, org.springframework.boot.test.mock.mockito.MockitoTestExecutionListener@2843ee40, org.springframework.boot.test.autoconfigure.SpringBootDependencyInjectionTestExecutionListener@3d9f5887, org.springframework.test.context.support.DirtiesContextTestExecutionListener@1933e5a1, org.springframework.test.context.transaction.TransactionalTestExecutionListener@4a5744be, org.springframework.test.context.jdbc.SqlScriptsTestExecutionListener@7d51925a, org.springframework.test.context.event.EventPublishingTestExecutionListener@3acda617, org.springframework.boot.test.autoconfigure.restdocs.RestDocsTestExecutionListener@3c554202, org.springframework.boot.test.autoconfigure.web.client.MockRestServiceServerResetTestExecutionListener@4cd78382, org.springframework.boot.test.autoconfigure.web.servlet.MockMvcPrintOnlyOnFailureTestExecutionListener@3de51b00, org.springframework.boot.test.autoconfigure.web.servlet.WebDriverTestExecutionListener@6acfffb5, org.springframework.boot.test.mock.mockito.ResetMocksTestExecutionListener@7c1cf5bc]
]]></system-out>
  <system-err><![CDATA[]]></system-err>
</testsuite>
