<?xml version="1.0" encoding="UTF-8"?>
<testsuite name="com.mindex.challenge.service.impl.EmployeeServiceImplTest" tests="1" skipped="0" failures="0" errors="0" timestamp="2022-01-10T23:38:41" hostname="LAPTOP-GBL27TE8" time="0.026">
  <properties/>
  <testcase name="testCreateReadUpdate" classname="com.mindex.challenge.service.impl.EmployeeServiceImplTest" time="0.026"/>
  <system-out><![CDATA[2022-01-10 18:38:41.581  INFO 5960 --- [    Test worker] .b.t.c.SpringBootTestContextBootstrapper : Neither @ContextConfiguration nor @ContextHierarchy found for test class [com.mindex.challenge.service.impl.EmployeeServiceImplTest], using SpringBootContextLoader
2022-01-10 18:38:41.581  INFO 5960 --- [    Test worker] o.s.t.c.support.AbstractContextLoader    : Could not detect default resource locations for test class [com.mindex.challenge.service.impl.EmployeeServiceImplTest]: no resource found for suffixes {-context.xml, Context.groovy}.
2022-01-10 18:38:41.581  INFO 5960 --- [    Test worker] t.c.s.AnnotationConfigContextLoaderUtils : Could not detect default configuration classes for test class [com.mindex.challenge.service.impl.EmployeeServiceImplTest]: EmployeeServiceImplTest does not declare any static, non-private, non-final, nested classes annotated with @Configuration.
2022-01-10 18:38:41.581  INFO 5960 --- [    Test worker] .b.t.c.SpringBootTestContextBootstrapper : Found @SpringBootConfiguration com.mindex.challenge.ChallengeApplication for test class com.mindex.challenge.service.impl.EmployeeServiceImplTest
2022-01-10 18:38:41.581  INFO 5960 --- [    Test worker] .b.t.c.SpringBootTestContextBootstrapper : Loaded default TestExecutionListener class names from location [META-INF/spring.factories]: [org.springframework.boot.test.autoconfigure.restdocs.RestDocsTestExecutionListener, org.springframework.boot.test.autoconfigure.web.client.MockRestServiceServerResetTestExecutionListener, org.springframework.boot.test.autoconfigure.web.servlet.MockMvcPrintOnlyOnFailureTestExecutionListener, org.springframework.boot.test.autoconfigure.web.servlet.WebDriverTestExecutionListener, org.springframework.boot.test.mock.mockito.MockitoTestExecutionListener, org.springframework.boot.test.mock.mockito.ResetMocksTestExecutionListener, org.springframework.test.context.web.ServletTestExecutionListener, org.springframework.test.context.support.DirtiesContextBeforeModesTestExecutionListener, org.springframework.test.context.support.DependencyInjectionTestExecutionListener, org.springframework.test.context.support.DirtiesContextTestExecutionListener, org.springframework.test.context.transaction.TransactionalTestExecutionListener, org.springframework.test.context.jdbc.SqlScriptsTestExecutionListener, org.springframework.test.context.event.EventPublishingTestExecutionListener]
2022-01-10 18:38:41.581  INFO 5960 --- [    Test worker] .b.t.c.SpringBootTestContextBootstrapper : Using TestExecutionListeners: [org.springframework.test.context.web.ServletTestExecutionListener@40fe9cd4, org.springframework.test.context.support.DirtiesContextBeforeModesTestExecutionListener@731f2a50, org.springframework.boot.test.mock.mockito.MockitoTestExecutionListener@47d76698, org.springframework.boot.test.autoconfigure.SpringBootDependencyInjectionTestExecutionListener@76ad9853, org.springframework.test.context.support.DirtiesContextTestExecutionListener@4201a26e, org.springframework.test.context.transaction.TransactionalTestExecutionListener@48464dd4, org.springframework.test.context.jdbc.SqlScriptsTestExecutionListener@34d901e2, org.springframework.test.context.event.EventPublishingTestExecutionListener@2e2c682a, org.springframework.boot.test.autoconfigure.restdocs.RestDocsTestExecutionListener@6171bd53, org.springframework.boot.test.autoconfigure.web.client.MockRestServiceServerResetTestExecutionListener@1b236444, org.springframework.boot.test.autoconfigure.web.servlet.MockMvcPrintOnlyOnFailureTestExecutionListener@6709b0d3, org.springframework.boot.test.autoconfigure.web.servlet.WebDriverTestExecutionListener@2aa9e920, org.springframework.boot.test.mock.mockito.ResetMocksTestExecutionListener@465e4203]
2022-01-10 18:38:41.596 DEBUG 5960 --- [o-auto-1-exec-5] c.m.c.controller.EmployeeController      : Received employee create request for [com.mindex.challenge.data.Employee@488b934c]
2022-01-10 18:38:41.596 DEBUG 5960 --- [o-auto-1-exec-5] c.m.c.service.impl.EmployeeServiceImpl   : Creating employee [com.mindex.challenge.data.Employee@488b934c]
2022-01-10 18:38:41.596 DEBUG 5960 --- [o-auto-1-exec-4] c.m.c.controller.EmployeeController      : Received employee create request for id [98e14320-f96f-4b5c-88d5-40b5a6c8ec2c]
2022-01-10 18:38:41.596 DEBUG 5960 --- [o-auto-1-exec-4] c.m.c.service.impl.EmployeeServiceImpl   : Creating employee with id [98e14320-f96f-4b5c-88d5-40b5a6c8ec2c]
2022-01-10 18:38:41.612 DEBUG 5960 --- [o-auto-1-exec-6] c.m.c.controller.EmployeeController      : Received employee create request for id [98e14320-f96f-4b5c-88d5-40b5a6c8ec2c] and employee [com.mindex.challenge.data.Employee@8edbbb2]
2022-01-10 18:38:41.612 DEBUG 5960 --- [o-auto-1-exec-6] c.m.c.service.impl.EmployeeServiceImpl   : Updating employee [com.mindex.challenge.data.Employee@8edbbb2]
]]></system-out>
  <system-err><![CDATA[]]></system-err>
</testsuite>
