<?xml version="1.0" encoding="UTF-8"?>
<testsuite name="com.mindex.challenge.service.impl.ReportingStructureServiceImplTest" tests="1" skipped="0" failures="0" errors="0" timestamp="2022-01-10T23:38:41" hostname="LAPTOP-GBL27TE8" time="0.048">
  <properties/>
  <testcase name="testCreateReadUpdate" classname="com.mindex.challenge.service.impl.ReportingStructureServiceImplTest" time="0.048"/>
  <system-out><![CDATA[2022-01-10 18:38:41.612  INFO 5960 --- [    Test worker] .b.t.c.SpringBootTestContextBootstrapper : Neither @ContextConfiguration nor @ContextHierarchy found for test class [com.mindex.challenge.service.impl.ReportingStructureServiceImplTest], using SpringBootContextLoader
2022-01-10 18:38:41.612  INFO 5960 --- [    Test worker] o.s.t.c.support.AbstractContextLoader    : Could not detect default resource locations for test class [com.mindex.challenge.service.impl.ReportingStructureServiceImplTest]: no resource found for suffixes {-context.xml, Context.groovy}.
2022-01-10 18:38:41.612  INFO 5960 --- [    Test worker] t.c.s.AnnotationConfigContextLoaderUtils : Could not detect default configuration classes for test class [com.mindex.challenge.service.impl.ReportingStructureServiceImplTest]: ReportingStructureServiceImplTest does not declare any static, non-private, non-final, nested classes annotated with @Configuration.
2022-01-10 18:38:41.612  INFO 5960 --- [    Test worker] .b.t.c.SpringBootTestContextBootstrapper : Found @SpringBootConfiguration com.mindex.challenge.ChallengeApplication for test class com.mindex.challenge.service.impl.ReportingStructureServiceImplTest
2022-01-10 18:38:41.612  INFO 5960 --- [    Test worker] .b.t.c.SpringBootTestContextBootstrapper : Loaded default TestExecutionListener class names from location [META-INF/spring.factories]: [org.springframework.boot.test.autoconfigure.restdocs.RestDocsTestExecutionListener, org.springframework.boot.test.autoconfigure.web.client.MockRestServiceServerResetTestExecutionListener, org.springframework.boot.test.autoconfigure.web.servlet.MockMvcPrintOnlyOnFailureTestExecutionListener, org.springframework.boot.test.autoconfigure.web.servlet.WebDriverTestExecutionListener, org.springframework.boot.test.mock.mockito.MockitoTestExecutionListener, org.springframework.boot.test.mock.mockito.ResetMocksTestExecutionListener, org.springframework.test.context.web.ServletTestExecutionListener, org.springframework.test.context.support.DirtiesContextBeforeModesTestExecutionListener, org.springframework.test.context.support.DependencyInjectionTestExecutionListener, org.springframework.test.context.support.DirtiesContextTestExecutionListener, org.springframework.test.context.transaction.TransactionalTestExecutionListener, org.springframework.test.context.jdbc.SqlScriptsTestExecutionListener, org.springframework.test.context.event.EventPublishingTestExecutionListener]
2022-01-10 18:38:41.612  INFO 5960 --- [    Test worker] .b.t.c.SpringBootTestContextBootstrapper : Using TestExecutionListeners: [org.springframework.test.context.web.ServletTestExecutionListener@26fcf3a7, org.springframework.test.context.support.DirtiesContextBeforeModesTestExecutionListener@48db5a7d, org.springframework.boot.test.mock.mockito.MockitoTestExecutionListener@5f150557, org.springframework.boot.test.autoconfigure.SpringBootDependencyInjectionTestExecutionListener@f7a7daa, org.springframework.test.context.support.DirtiesContextTestExecutionListener@4e5ac629, org.springframework.test.context.transaction.TransactionalTestExecutionListener@5c40652d, org.springframework.test.context.jdbc.SqlScriptsTestExecutionListener@2b08fc4f, org.springframework.test.context.event.EventPublishingTestExecutionListener@77c353a9, org.springframework.boot.test.autoconfigure.restdocs.RestDocsTestExecutionListener@6fb0a8f6, org.springframework.boot.test.autoconfigure.web.client.MockRestServiceServerResetTestExecutionListener@3006d120, org.springframework.boot.test.autoconfigure.web.servlet.MockMvcPrintOnlyOnFailureTestExecutionListener@5c00b9eb, org.springframework.boot.test.autoconfigure.web.servlet.WebDriverTestExecutionListener@31b3e7d9, org.springframework.boot.test.mock.mockito.ResetMocksTestExecutionListener@5b2e0e01]
2022-01-10 18:38:41.627 DEBUG 5960 --- [o-auto-1-exec-7] c.m.c.controller.EmployeeController      : Received employee create request for [com.mindex.challenge.data.Employee@54e940d7]
2022-01-10 18:38:41.627 DEBUG 5960 --- [o-auto-1-exec-7] c.m.c.service.impl.EmployeeServiceImpl   : Creating employee [com.mindex.challenge.data.Employee@54e940d7]
2022-01-10 18:38:41.627 DEBUG 5960 --- [o-auto-1-exec-8] c.m.c.controller.EmployeeController      : Received employee create request for [com.mindex.challenge.data.Employee@679fc385]
2022-01-10 18:38:41.627 DEBUG 5960 --- [o-auto-1-exec-8] c.m.c.service.impl.EmployeeServiceImpl   : Creating employee [com.mindex.challenge.data.Employee@679fc385]
2022-01-10 18:38:41.643 DEBUG 5960 --- [o-auto-1-exec-9] c.m.c.controller.EmployeeController      : Received employee create request for [com.mindex.challenge.data.Employee@4aa425bb]
2022-01-10 18:38:41.643 DEBUG 5960 --- [o-auto-1-exec-9] c.m.c.service.impl.EmployeeServiceImpl   : Creating employee [com.mindex.challenge.data.Employee@4aa425bb]
2022-01-10 18:38:41.659 DEBUG 5960 --- [-auto-1-exec-10] c.m.c.c.ReportingStructureController     : Received reportingStructure read request for employee id [6f502192-7b68-4877-a19d-a7b809b5d0f8]
2022-01-10 18:38:41.659 DEBUG 5960 --- [-auto-1-exec-10] c.m.c.s.i.ReportingStructureServiceImpl  : Reading ReportingStructure for employee with id [6f502192-7b68-4877-a19d-a7b809b5d0f8]
2022-01-10 18:38:41.659 DEBUG 5960 --- [-auto-1-exec-10] c.m.c.s.i.ReportingStructureServiceImpl  : Calculating number of reports for employee with id [6f502192-7b68-4877-a19d-a7b809b5d0f8]
2022-01-10 18:38:41.659 DEBUG 5960 --- [-auto-1-exec-10] c.m.c.s.i.ReportingStructureServiceImpl  : Calculating number of reports for employee with id [23c360de-2d47-4939-b2d3-3d104e121007]
2022-01-10 18:38:41.659 DEBUG 5960 --- [-auto-1-exec-10] c.m.c.s.i.ReportingStructureServiceImpl  : Calculating number of reports for employee with id [a87fce47-63e2-4dc2-a273-58527c3c0845]
]]></system-out>
  <system-err><![CDATA[]]></system-err>
</testsuite>
